<?xml version="1.0" encoding="UTF-8" ?>
<testsuite tests="1" failures="0" name="edu.anadolu.AppTest" time="0.005" errors="0" skipped="0">
  <properties>
    <property name="idea.version" value="2018.2.8"/>
    <property name="java.runtime.name" value="Java(TM) SE Runtime Environment"/>
    <property name="sun.boot.library.path" value="/home/egemencelik/Genel/Java/jdk1.8.0_191/jre/lib/amd64"/>
    <property name="java.vm.version" value="25.191-b12"/>
    <property name="java.vm.vendor" value="Oracle Corporation"/>
    <property name="maven.multiModuleProjectDirectory" value="/home/egemencelik/Projects/IntelliJ/bim208-hw3-egemencelik-master"/>
    <property name="java.vendor.url" value="http://java.oracle.com/"/>
    <property name="path.separator" value=":"/>
    <property name="guice.disable.misplaced.annotation.check" value="true"/>
    <property name="java.vm.name" value="Java HotSpot(TM) 64-Bit Server VM"/>
    <property name="file.encoding.pkg" value="sun.io"/>
    <property name="user.country" value="US"/>
    <property name="sun.java.launcher" value="SUN_STANDARD"/>
    <property name="sun.os.patch.level" value="unknown"/>
    <property name="java.vm.specification.name" value="Java Virtual Machine Specification"/>
    <property name="user.dir" value="/home/egemencelik/Projects/IntelliJ/bim208-hw3-egemencelik-master"/>
    <property name="java.runtime.version" value="1.8.0_191-b12"/>
    <property name="java.awt.graphicsenv" value="sun.awt.X11GraphicsEnvironment"/>
    <property name="java.endorsed.dirs" value="/home/egemencelik/Genel/Java/jdk1.8.0_191/jre/lib/endorsed"/>
    <property name="os.arch" value="amd64"/>
    <property name="java.io.tmpdir" value="/tmp"/>
    <property name="line.separator" value="
"/>
    <property name="java.vm.specification.vendor" value="Oracle Corporation"/>
    <property name="os.name" value="Linux"/>
    <property name="classworlds.conf" value="/home/egemencelik/Programs/IntelliJ2018/ideaIU-2018.2.8/idea-IU-182.5262.2/plugins/maven/lib/maven3/bin/m2.conf"/>
    <property name="sun.jnu.encoding" value="UTF-8"/>
    <property name="java.library.path" value="/usr/java/packages/lib/amd64:/usr/lib64:/lib64:/lib:/usr/lib"/>
    <property name="java.specification.name" value="Java Platform API Specification"/>
    <property name="java.class.version" value="52.0"/>
    <property name="sun.management.compiler" value="HotSpot 64-Bit Tiered Compilers"/>
    <property name="os.version" value="5.0.0-13-generic"/>
    <property name="user.home" value="/home/egemencelik"/>
    <property name="user.timezone" value="Europe/Istanbul"/>
    <property name="java.awt.printerjob" value="sun.print.PSPrinterJob"/>
    <property name="java.specification.version" value="1.8"/>
    <property name="file.encoding" value="UTF-8"/>
    <property name="user.name" value="egemencelik"/>
    <property name="java.class.path" value="/home/egemencelik/Programs/IntelliJ2018/ideaIU-2018.2.8/idea-IU-182.5262.2/plugins/maven/lib/maven3/boot/plexus-classworlds-2.5.2.jar:/home/egemencelik/Programs/IntelliJ2018/ideaIU-2018.2.8/idea-IU-182.5262.2/lib/idea_rt.jar"/>
    <property name="java.vm.specification.version" value="1.8"/>
    <property name="sun.arch.data.model" value="64"/>
    <property name="java.home" value="/home/egemencelik/Genel/Java/jdk1.8.0_191/jre"/>
    <property name="sun.java.command" value="org.codehaus.classworlds.Launcher -Didea.version=2018.2.8 package"/>
    <property name="java.specification.vendor" value="Oracle Corporation"/>
    <property name="user.language" value="en"/>
    <property name="awt.toolkit" value="sun.awt.X11.XToolkit"/>
    <property name="java.vm.info" value="mixed mode"/>
    <property name="java.version" value="1.8.0_191"/>
    <property name="java.ext.dirs" value="/home/egemencelik/Genel/Java/jdk1.8.0_191/jre/lib/ext:/usr/java/packages/lib/ext"/>
    <property name="securerandom.source" value="file:/dev/./urandom"/>
    <property name="sun.boot.class.path" value="/home/egemencelik/Genel/Java/jdk1.8.0_191/jre/lib/resources.jar:/home/egemencelik/Genel/Java/jdk1.8.0_191/jre/lib/rt.jar:/home/egemencelik/Genel/Java/jdk1.8.0_191/jre/lib/sunrsasign.jar:/home/egemencelik/Genel/Java/jdk1.8.0_191/jre/lib/jsse.jar:/home/egemencelik/Genel/Java/jdk1.8.0_191/jre/lib/jce.jar:/home/egemencelik/Genel/Java/jdk1.8.0_191/jre/lib/charsets.jar:/home/egemencelik/Genel/Java/jdk1.8.0_191/jre/lib/jfr.jar:/home/egemencelik/Genel/Java/jdk1.8.0_191/jre/classes"/>
    <property name="java.vendor" value="Oracle Corporation"/>
    <property name="maven.home" value="/home/egemencelik/Programs/IntelliJ2018/ideaIU-2018.2.8/idea-IU-182.5262.2/plugins/maven/lib/maven3"/>
    <property name="file.separator" value="/"/>
    <property name="java.vendor.url.bug" value="http://bugreport.sun.com/bugreport/"/>
    <property name="sun.cpu.endian" value="little"/>
    <property name="sun.io.unicode.encoding" value="UnicodeLittle"/>
    <property name="sun.desktop" value="gnome"/>
    <property name="sun.cpu.isalist" value=""/>
  </properties>
  <testcase classname="edu.anadolu.AppTest" name="testApp" time="0.005"/>
</testsuite>